<?xml version="1.0" encoding="UTF-8"?>
<!-- Generated by org.testng.reporters.JUnitXMLReporter -->
<testsuite hostname="WPURR72165" ignored="0" name="Default test" tests="2" failures="0" timestamp="10 Sep 2018 08:41:41 GMT" time="25.688" errors="0">
  <testcase name="registerDetails" time="0.0" classname="TestSuite.DemoSiteTestCases">
    <skipped/>
  </testcase> <!-- registerDetails -->
  <testcase name="alerts" time="0.014" classname="TestSuite.DemoSiteTestCases"/>
</testsuite> <!-- Default test -->
