<?xml version="1.0" encoding="UTF-8"?>
<testng-results skipped="2" failed="1" total="3" passed="0">
  <reporter-output>
  </reporter-output>
  <suite name="Default suite" duration-ms="927" started-at="2019-03-13T11:18:16Z" finished-at="2019-03-13T11:18:17Z">
    <groups>
    </groups>
    <test name="Default test" duration-ms="927" started-at="2019-03-13T11:18:16Z" finished-at="2019-03-13T11:18:17Z">
      <class name="TestSuite.DemoSiteTestCases">
        <test-method status="PASS" signature="openBrowser(java.lang.String)[pri:0, instance:TestSuite.DemoSiteTestCases@6b2fad11]" name="openBrowser" is-config="true" duration-ms="157" started-at="2019-03-13T16:48:16Z" finished-at="2019-03-13T16:48:17Z">
          <params>
            <param index="0">
              <value>
                <![CDATA[Competency Assessment,Competency Assessment Test Case]]>
              </value>
            </param>
          </params>
          <reporter-output>
          </reporter-output>
        </test-method> <!-- openBrowser -->
        <test-method status="FAIL" signature="registerDetails(java.lang.String, java.lang.String, java.lang.String, java.lang.String)[pri:0, instance:TestSuite.DemoSiteTestCases@6b2fad11]" name="registerDetails" duration-ms="8" started-at="2019-03-13T16:48:17Z" data-provider="RegistrationSheet" finished-at="2019-03-13T16:48:17Z">
          <params>
            <param index="0">
              <value>
                <![CDATA[Verify Login]]>
              </value>
            </param>
            <param index="1">
              <value>
                <![CDATA[Rohit ]]>
              </value>
            </param>
            <param index="2">
              <value>
                <![CDATA[Ranjan]]>
              </value>
            </param>
            <param index="3">
              <value>
                <![CDATA[Pune]]>
              </value>
            </param>
          </params>
          <exception class="java.lang.NullPointerException">
            <full-stacktrace>
              <![CDATA[java.lang.NullPointerException
	at DemoPages.Registration.enterDetails(Registration.java:58)
	at TestSuite.DemoSiteTestCases.registerDetails(DemoSiteTestCases.java:116)
	at sun.reflect.NativeMethodAccessorImpl.invoke0(Native Method)
	at sun.reflect.NativeMethodAccessorImpl.invoke(NativeMethodAccessorImpl.java:62)
	at sun.reflect.DelegatingMethodAccessorImpl.invoke(DelegatingMethodAccessorImpl.java:43)
	at java.lang.reflect.Method.invoke(Method.java:483)
	at org.testng.internal.MethodInvocationHelper.invokeMethod(MethodInvocationHelper.java:86)
	at org.testng.internal.Invoker.invokeMethod(Invoker.java:645)
	at org.testng.internal.Invoker.invokeTestMethod(Invoker.java:822)
	at org.testng.internal.Invoker.invokeTestMethods(Invoker.java:1130)
	at org.testng.internal.TestMethodWorker.invokeTestMethods(TestMethodWorker.java:129)
	at org.testng.internal.TestMethodWorker.run(TestMethodWorker.java:112)
	at org.testng.TestRunner.privateRun(TestRunner.java:782)
	at org.testng.TestRunner.run(TestRunner.java:632)
	at org.testng.SuiteRunner.runTest(SuiteRunner.java:366)
	at org.testng.SuiteRunner.runSequentially(SuiteRunner.java:361)
	at org.testng.SuiteRunner.privateRun(SuiteRunner.java:319)
	at org.testng.SuiteRunner.run(SuiteRunner.java:268)
	at org.testng.SuiteRunnerWorker.runSuite(SuiteRunnerWorker.java:52)
	at org.testng.SuiteRunnerWorker.run(SuiteRunnerWorker.java:86)
	at org.testng.TestNG.runSuitesSequentially(TestNG.java:1244)
	at org.testng.TestNG.runSuitesLocally(TestNG.java:1169)
	at org.testng.TestNG.run(TestNG.java:1064)
	at org.testng.remote.RemoteTestNG.run(RemoteTestNG.java:113)
	at org.testng.remote.RemoteTestNG.initAndRun(RemoteTestNG.java:206)
	at org.testng.remote.RemoteTestNG.main(RemoteTestNG.java:177)
]]>
            </full-stacktrace>
          </exception> <!-- java.lang.NullPointerException -->
          <reporter-output>
          </reporter-output>
        </test-method> <!-- registerDetails -->
        <test-method status="FAIL" signature="getResult(org.testng.ITestResult)[pri:0, instance:TestSuite.DemoSiteTestCases@6b2fad11]" name="getResult" is-config="true" duration-ms="0" started-at="2019-03-13T16:48:17Z" finished-at="2019-03-13T16:48:17Z">
          <params>
            <param index="0">
              <value>
                <![CDATA[[TestResult name=registerDetails status=FAILURE method=DemoSiteTestCases.registerDetails(java.lang.String, java.lang.String, java.lang.String, java.lang.String)[pri:0, instance:TestSuite.DemoSiteTestCases@6b2fad11] output={null}]]]>
              </value>
            </param>
          </params>
          <exception class="java.lang.NullPointerException">
            <full-stacktrace>
              <![CDATA[java.lang.NullPointerException
	at TestSuite.DemoSiteTestCases.getResult(DemoSiteTestCases.java:142)
	at sun.reflect.NativeMethodAccessorImpl.invoke0(Native Method)
	at sun.reflect.NativeMethodAccessorImpl.invoke(NativeMethodAccessorImpl.java:62)
	at sun.reflect.DelegatingMethodAccessorImpl.invoke(DelegatingMethodAccessorImpl.java:43)
	at java.lang.reflect.Method.invoke(Method.java:483)
	at org.testng.internal.MethodInvocationHelper.invokeMethod(MethodInvocationHelper.java:86)
	at org.testng.internal.Invoker.invokeConfigurationMethod(Invoker.java:514)
	at org.testng.internal.Invoker.invokeConfigurations(Invoker.java:215)
	at org.testng.internal.Invoker.invokeMethod(Invoker.java:709)
	at org.testng.internal.Invoker.invokeTestMethod(Invoker.java:822)
	at org.testng.internal.Invoker.invokeTestMethods(Invoker.java:1130)
	at org.testng.internal.TestMethodWorker.invokeTestMethods(TestMethodWorker.java:129)
	at org.testng.internal.TestMethodWorker.run(TestMethodWorker.java:112)
	at org.testng.TestRunner.privateRun(TestRunner.java:782)
	at org.testng.TestRunner.run(TestRunner.java:632)
	at org.testng.SuiteRunner.runTest(SuiteRunner.java:366)
	at org.testng.SuiteRunner.runSequentially(SuiteRunner.java:361)
	at org.testng.SuiteRunner.privateRun(SuiteRunner.java:319)
	at org.testng.SuiteRunner.run(SuiteRunner.java:268)
	at org.testng.SuiteRunnerWorker.runSuite(SuiteRunnerWorker.java:52)
	at org.testng.SuiteRunnerWorker.run(SuiteRunnerWorker.java:86)
	at org.testng.TestNG.runSuitesSequentially(TestNG.java:1244)
	at org.testng.TestNG.runSuitesLocally(TestNG.java:1169)
	at org.testng.TestNG.run(TestNG.java:1064)
	at org.testng.remote.RemoteTestNG.run(RemoteTestNG.java:113)
	at org.testng.remote.RemoteTestNG.initAndRun(RemoteTestNG.java:206)
	at org.testng.remote.RemoteTestNG.main(RemoteTestNG.java:177)
]]>
            </full-stacktrace>
          </exception> <!-- java.lang.NullPointerException -->
          <reporter-output>
          </reporter-output>
        </test-method> <!-- getResult -->
        <test-method status="SKIP" signature="registerDetails(java.lang.String, java.lang.String, java.lang.String, java.lang.String)[pri:0, instance:TestSuite.DemoSiteTestCases@6b2fad11]" name="registerDetails" duration-ms="0" started-at="2019-03-13T16:48:17Z" data-provider="RegistrationSheet" finished-at="2019-03-13T16:48:17Z">
          <params>
            <param index="0">
              <value>
                <![CDATA[Verify Login]]>
              </value>
            </param>
            <param index="1">
              <value>
                <![CDATA[Rohit ]]>
              </value>
            </param>
            <param index="2">
              <value>
                <![CDATA[Ranjan]]>
              </value>
            </param>
            <param index="3">
              <value>
                <![CDATA[Pune]]>
              </value>
            </param>
          </params>
          <reporter-output>
          </reporter-output>
        </test-method> <!-- registerDetails -->
        <test-method status="SKIP" signature="openBrowser(java.lang.String)[pri:0, instance:TestSuite.DemoSiteTestCases@6b2fad11]" name="openBrowser" is-config="true" duration-ms="0" started-at="2019-03-13T16:48:17Z" finished-at="2019-03-13T16:48:17Z">
          <reporter-output>
          </reporter-output>
        </test-method> <!-- openBrowser -->
        <test-method status="SKIP" signature="openBrowser(java.lang.String)[pri:0, instance:TestSuite.DemoSiteTestCases@6b2fad11]" name="openBrowser" is-config="true" duration-ms="0" started-at="2019-03-13T16:48:17Z" finished-at="2019-03-13T16:48:17Z">
          <reporter-output>
          </reporter-output>
        </test-method> <!-- openBrowser -->
        <test-method status="SKIP" signature="alerts()[pri:0, instance:TestSuite.DemoSiteTestCases@6b2fad11]" name="alerts" duration-ms="1" started-at="2019-03-13T16:48:17Z" finished-at="2019-03-13T16:48:17Z">
          <reporter-output>
          </reporter-output>
        </test-method> <!-- alerts -->
        <test-method status="SKIP" signature="getResult(org.testng.ITestResult)[pri:0, instance:TestSuite.DemoSiteTestCases@6b2fad11]" name="getResult" is-config="true" duration-ms="0" started-at="2019-03-13T16:48:17Z" finished-at="2019-03-13T16:48:17Z">
          <reporter-output>
          </reporter-output>
        </test-method> <!-- getResult -->
        <test-method status="SKIP" signature="getResult(org.testng.ITestResult)[pri:0, instance:TestSuite.DemoSiteTestCases@6b2fad11]" name="getResult" is-config="true" duration-ms="0" started-at="2019-03-13T16:48:17Z" finished-at="2019-03-13T16:48:17Z">
          <reporter-output>
          </reporter-output>
        </test-method> <!-- getResult -->
        <test-method status="SKIP" signature="closeBrowser()[pri:0, instance:TestSuite.DemoSiteTestCases@6b2fad11]" name="closeBrowser" is-config="true" duration-ms="0" started-at="2019-03-13T16:48:17Z" finished-at="2019-03-13T16:48:17Z">
          <reporter-output>
          </reporter-output>
        </test-method> <!-- closeBrowser -->
      </class> <!-- TestSuite.DemoSiteTestCases -->
    </test> <!-- Default test -->
  </suite> <!-- Default suite -->
</testng-results>
