<?xml version="1.0" encoding="UTF-8"?>
<testng-results skipped="0" failed="1" ignored="0" total="3" passed="2">
  <reporter-output>
  </reporter-output>
  <suite name="Default suite" duration-ms="37856" started-at="2018-08-29T12:17:09Z" finished-at="2018-08-29T12:17:47Z">
    <groups>
    </groups>
    <test name="Default test" duration-ms="37856" started-at="2018-08-29T12:17:09Z" finished-at="2018-08-29T12:17:47Z">
      <class name="TestSuite.DemoSiteTestCases">
        <test-method status="PASS" signature="openBrowser(java.lang.String)[pri:0, instance:TestSuite.DemoSiteTestCases@7b69c6ba]" name="openBrowser" is-config="true" duration-ms="19262" started-at="2018-08-29T12:17:09Z" finished-at="2018-08-29T12:17:28Z">
          <params>
            <param index="0">
              <value>
                <![CDATA[Chrome]]>
              </value>
            </param>
          </params>
          <reporter-output>
          </reporter-output>
        </test-method> <!-- openBrowser -->
        <test-method status="PASS" signature="registerDetails(java.lang.String, java.lang.String, java.lang.String, java.lang.String)[pri:0, instance:TestSuite.DemoSiteTestCases@7b69c6ba]" name="registerDetails" duration-ms="16318" started-at="2018-08-29T12:17:29Z" data-provider="RegistrationSheet" finished-at="2018-08-29T12:17:46Z">
          <params>
            <param index="0">
              <value>
                <![CDATA[Verify Login]]>
              </value>
            </param>
            <param index="1">
              <value>
                <![CDATA[Rohit ]]>
              </value>
            </param>
            <param index="2">
              <value>
                <![CDATA[Ranjan]]>
              </value>
            </param>
            <param index="3">
              <value>
                <![CDATA[Pune]]>
              </value>
            </param>
          </params>
          <reporter-output>
          </reporter-output>
        </test-method> <!-- registerDetails -->
        <test-method status="PASS" signature="getResult(org.testng.ITestResult)[pri:0, instance:TestSuite.DemoSiteTestCases@7b69c6ba]" name="getResult" is-config="true" duration-ms="10" started-at="2018-08-29T12:17:46Z" finished-at="2018-08-29T12:17:46Z">
          <params>
            <param index="0">
              <value>
                <![CDATA[[TestResult name=registerDetails status=SUCCESS method=DemoSiteTestCases.registerDetails(java.lang.String, java.lang.String, java.lang.String, java.lang.String)[pri:0, instance:TestSuite.DemoSiteTestCases@7b69c6ba] output={null}]]]>
              </value>
            </param>
          </params>
          <reporter-output>
          </reporter-output>
        </test-method> <!-- getResult -->
        <test-method status="FAIL" signature="registerDetails(java.lang.String, java.lang.String, java.lang.String, java.lang.String)[pri:0, instance:TestSuite.DemoSiteTestCases@7b69c6ba]" name="registerDetails" duration-ms="68" started-at="2018-08-29T12:17:46Z" data-provider="RegistrationSheet" finished-at="2018-08-29T12:17:46Z">
          <params>
            <param index="0">
              <value>
                <![CDATA[Verify Login]]>
              </value>
            </param>
            <param index="1">
              <value>
                <![CDATA[Ritesh]]>
              </value>
            </param>
            <param index="2">
              <value>
                <![CDATA[Ranjan]]>
              </value>
            </param>
            <param index="3">
              <value>
                <![CDATA[Pune]]>
              </value>
            </param>
          </params>
          <exception class="org.openqa.selenium.NoSuchSessionException">
            <message>
              <![CDATA[no such session
  (Driver info: chromedriver=2.40.565498 (ea082db3280dd6843ebfb08a625e3eb905c4f5ab),platform=Windows NT 10.0.15063 x86_64) (WARNING: The server did not provide any stacktrace information)
Command duration or timeout: 0 milliseconds
Build info: version: '3.13.0', revision: '2f0d292', time: '2018-06-25T15:32:19.891Z'
System info: host: 'WPURR72165', ip: '172.24.56.194', os.name: 'Windows 8.1', os.arch: 'amd64', os.version: '6.3', java.version: '1.8.0_31'
Driver info: org.openqa.selenium.chrome.ChromeDriver
Capabilities {acceptInsecureCerts: false, acceptSslCerts: false, applicationCacheEnabled: false, browserConnectionEnabled: false, browserName: chrome, chrome: {chromedriverVersion: 2.40.565498 (ea082db3280dd6..., userDataDir: C:\Users\rr72165\AppData\Lo...}, cssSelectorsEnabled: true, databaseEnabled: false, handlesAlerts: true, hasTouchScreen: false, javascriptEnabled: true, locationContextEnabled: true, mobileEmulationEnabled: false, nativeEvents: true, networkConnectionEnabled: false, pageLoadStrategy: normal, platform: XP, platformName: XP, rotatable: false, setWindowRect: true, takesHeapSnapshot: true, takesScreenshot: true, unexpectedAlertBehaviour: , unhandledPromptBehavior: , version: 68.0.3440.106, webStorageEnabled: true}
Session ID: 44bdb49855c4ae4bff0698441f6b2d43
*** Element info: {Using=xpath, value=.//*[text()='Full Name* ']//following::input[1]}]]>
            </message>
            <full-stacktrace>
              <![CDATA[org.openqa.selenium.NoSuchSessionException: no such session
  (Driver info: chromedriver=2.40.565498 (ea082db3280dd6843ebfb08a625e3eb905c4f5ab),platform=Windows NT 10.0.15063 x86_64) (WARNING: The server did not provide any stacktrace information)
Command duration or timeout: 0 milliseconds
Build info: version: '3.13.0', revision: '2f0d292', time: '2018-06-25T15:32:19.891Z'
System info: host: 'WPURR72165', ip: '172.24.56.194', os.name: 'Windows 8.1', os.arch: 'amd64', os.version: '6.3', java.version: '1.8.0_31'
Driver info: org.openqa.selenium.chrome.ChromeDriver
Capabilities {acceptInsecureCerts: false, acceptSslCerts: false, applicationCacheEnabled: false, browserConnectionEnabled: false, browserName: chrome, chrome: {chromedriverVersion: 2.40.565498 (ea082db3280dd6..., userDataDir: C:\Users\rr72165\AppData\Lo...}, cssSelectorsEnabled: true, databaseEnabled: false, handlesAlerts: true, hasTouchScreen: false, javascriptEnabled: true, locationContextEnabled: true, mobileEmulationEnabled: false, nativeEvents: true, networkConnectionEnabled: false, pageLoadStrategy: normal, platform: XP, platformName: XP, rotatable: false, setWindowRect: true, takesHeapSnapshot: true, takesScreenshot: true, unexpectedAlertBehaviour: , unhandledPromptBehavior: , version: 68.0.3440.106, webStorageEnabled: true}
Session ID: 44bdb49855c4ae4bff0698441f6b2d43
*** Element info: {Using=xpath, value=.//*[text()='Full Name* ']//following::input[1]}
at sun.reflect.NativeConstructorAccessorImpl.newInstance0(Native Method)
at sun.reflect.NativeConstructorAccessorImpl.newInstance(Unknown Source)
at sun.reflect.DelegatingConstructorAccessorImpl.newInstance(Unknown Source)
at java.lang.reflect.Constructor.newInstance(Unknown Source)
at org.openqa.selenium.remote.ErrorHandler.createThrowable(ErrorHandler.java:214)
at org.openqa.selenium.remote.ErrorHandler.throwIfResponseFailed(ErrorHandler.java:166)
at org.openqa.selenium.remote.http.JsonHttpResponseCodec.reconstructValue(JsonHttpResponseCodec.java:40)
at org.openqa.selenium.remote.http.AbstractHttpResponseCodec.decode(AbstractHttpResponseCodec.java:80)
at org.openqa.selenium.remote.http.AbstractHttpResponseCodec.decode(AbstractHttpResponseCodec.java:44)
at org.openqa.selenium.remote.HttpCommandExecutor.execute(HttpCommandExecutor.java:158)
at org.openqa.selenium.remote.service.DriverCommandExecutor.execute(DriverCommandExecutor.java:83)
at org.openqa.selenium.remote.RemoteWebDriver.execute(RemoteWebDriver.java:548)
at org.openqa.selenium.remote.RemoteWebDriver.findElement(RemoteWebDriver.java:322)
at org.openqa.selenium.remote.RemoteWebDriver.findElementByXPath(RemoteWebDriver.java:424)
at org.openqa.selenium.By$ByXPath.findElement(By.java:353)
at org.openqa.selenium.remote.RemoteWebDriver.findElement(RemoteWebDriver.java:314)
at DemoPages.Registration.enterDetails(Registration.java:57)
at TestSuite.DemoSiteTestCases.registerDetails(DemoSiteTestCases.java:100)
at sun.reflect.NativeMethodAccessorImpl.invoke0(Native Method)
at sun.reflect.NativeMethodAccessorImpl.invoke(Unknown Source)
at sun.reflect.DelegatingMethodAccessorImpl.invoke(Unknown Source)
at java.lang.reflect.Method.invoke(Unknown Source)
at org.testng.internal.MethodInvocationHelper.invokeMethod(MethodInvocationHelper.java:124)
at org.testng.internal.Invoker.invokeMethod(Invoker.java:580)
at org.testng.internal.Invoker.invokeTestMethod(Invoker.java:716)
at org.testng.internal.Invoker.invokeTestMethods(Invoker.java:988)
at org.testng.internal.TestMethodWorker.invokeTestMethods(TestMethodWorker.java:125)
at org.testng.internal.TestMethodWorker.run(TestMethodWorker.java:109)
at org.testng.TestRunner.privateRun(TestRunner.java:648)
at org.testng.TestRunner.run(TestRunner.java:505)
at org.testng.SuiteRunner.runTest(SuiteRunner.java:455)
at org.testng.SuiteRunner.runSequentially(SuiteRunner.java:450)
at org.testng.SuiteRunner.privateRun(SuiteRunner.java:415)
at org.testng.SuiteRunner.run(SuiteRunner.java:364)
at org.testng.SuiteRunnerWorker.runSuite(SuiteRunnerWorker.java:52)
at org.testng.SuiteRunnerWorker.run(SuiteRunnerWorker.java:84)
at org.testng.TestNG.runSuitesSequentially(TestNG.java:1208)
at org.testng.TestNG.runSuitesLocally(TestNG.java:1137)
at org.testng.TestNG.runSuites(TestNG.java:1049)
at org.testng.TestNG.run(TestNG.java:1017)
at org.testng.remote.AbstractRemoteTestNG.run(AbstractRemoteTestNG.java:114)
at org.testng.remote.RemoteTestNG.initAndRun(RemoteTestNG.java:251)
at org.testng.remote.RemoteTestNG.main(RemoteTestNG.java:77)
]]>
            </full-stacktrace>
          </exception> <!-- org.openqa.selenium.NoSuchSessionException -->
          <reporter-output>
          </reporter-output>
        </test-method> <!-- registerDetails -->
        <test-method status="PASS" signature="getResult(org.testng.ITestResult)[pri:0, instance:TestSuite.DemoSiteTestCases@7b69c6ba]" name="getResult" is-config="true" duration-ms="1" started-at="2018-08-29T12:17:46Z" finished-at="2018-08-29T12:17:46Z">
          <params>
            <param index="0">
              <value>
                <![CDATA[[TestResult name=registerDetails status=FAILURE method=DemoSiteTestCases.registerDetails(java.lang.String, java.lang.String, java.lang.String, java.lang.String)[pri:0, instance:TestSuite.DemoSiteTestCases@7b69c6ba] output={null}]]]>
              </value>
            </param>
          </params>
          <reporter-output>
          </reporter-output>
        </test-method> <!-- getResult -->
        <test-method status="PASS" signature="alerts()[pri:0, instance:TestSuite.DemoSiteTestCases@7b69c6ba]" name="alerts" duration-ms="16" started-at="2018-08-29T12:17:46Z" finished-at="2018-08-29T12:17:46Z">
          <reporter-output>
          </reporter-output>
        </test-method> <!-- alerts -->
        <test-method status="PASS" signature="getResult(org.testng.ITestResult)[pri:0, instance:TestSuite.DemoSiteTestCases@7b69c6ba]" name="getResult" is-config="true" duration-ms="1" started-at="2018-08-29T12:17:46Z" finished-at="2018-08-29T12:17:46Z">
          <params>
            <param index="0">
              <value>
                <![CDATA[[TestResult name=alerts status=SUCCESS method=DemoSiteTestCases.alerts()[pri:0, instance:TestSuite.DemoSiteTestCases@7b69c6ba] output={null}]]]>
              </value>
            </param>
          </params>
          <reporter-output>
          </reporter-output>
        </test-method> <!-- getResult -->
        <test-method status="PASS" signature="closeBrowser()[pri:0, instance:TestSuite.DemoSiteTestCases@7b69c6ba]" name="closeBrowser" is-config="true" duration-ms="1049" started-at="2018-08-29T12:17:46Z" finished-at="2018-08-29T12:17:47Z">
          <reporter-output>
          </reporter-output>
        </test-method> <!-- closeBrowser -->
      </class> <!-- TestSuite.DemoSiteTestCases -->
    </test> <!-- Default test -->
  </suite> <!-- Default suite -->
</testng-results>
